<?xml version="1.0" encoding="UTF-8"?>
<!-- Generated by org.testng.reporters.JUnitReportReporter -->
<testsuite hostname="DESKTOP-8JEUC3S" failures="0" tests="1" name="Test2.DiffWayToCreatePostRequestBody" time="7.402" errors="0" timestamp="2023-07-25T11:01:39 IST" skipped="0">
  <testcase classname="Test2.DiffWayToCreatePostRequestBody" name="testpostusingHashMap" time="7.402"/>
</testsuite> <!-- Test2.DiffWayToCreatePostRequestBody -->
