<?xml version="1.0" encoding="UTF-8"?>
<!-- Generated by org.testng.reporters.JUnitReportReporter -->
<testsuite hostname="DESKTOP-8JEUC3S" failures="0" tests="4" name="Test1.HTTPRequest" time="6.401" errors="0" timestamp="2023-07-20T18:26:37 IST" skipped="0">
  <testcase classname="Test1.HTTPRequest" name="getUsers" time="4.320"/>
  <testcase classname="Test1.HTTPRequest" name="createUser" time="1.161"/>
  <testcase classname="Test1.HTTPRequest" name="UpdateUser" time="0.463"/>
  <testcase classname="Test1.HTTPRequest" name="deleteUser" time="0.457"/>
</testsuite> <!-- Test1.HTTPRequest -->
