<?xml version="1.0" encoding="UTF-8"?>
<!-- Generated by org.testng.reporters.JUnitReportReporter -->
<testsuite hostname="DESKTOP-8JEUC3S" failures="0" tests="2" name="Test2.PostRequestBodyCreationUsingExternalJsonFile" time="6.833" errors="0" timestamp="2023-07-25T11:00:31 IST" skipped="0">
  <testcase classname="Test2.PostRequestBodyCreationUsingExternalJsonFile" name="PostRequestJsonFile" time="6.571"/>
  <testcase classname="Test2.PostRequestBodyCreationUsingExternalJsonFile" name="Delete" time="0.262"/>
</testsuite> <!-- Test2.PostRequestBodyCreationUsingExternalJsonFile -->
